****-**-** **:**:59,526 -    * Reading data column (starting from E5) ...
****-**-** **:**:59,526 -    * OK
****-**-** **:**:59,526 -    * Reading data column (starting from B5) ...
****-**-** **:**:59,526 -    * OK
****-**-** **:**:59,542 -  > Reading data from mu.xlsx ...
****-**-** **:**:59,542 -    - depth (m), lower
****-**-** **:**:59,542 -    - None, upper
****-**-** **:**:59,542 -    - velocity (m/s), lower
****-**-** **:**:59,542 -    - None, upper
****-**-** **:**:59,559 -    * OK
****-**-** **:**:59,559 - 
 
DISCHARGE: 42200
****-**-** **:**:59,559 - Raster Processing    --- --- 
****-**-** **:**:02,494 -  > Reading depth and velocity rasters ...
****-**-** **:**:02,510 -  > Calculating morphological unit rasters ...
****-**-** **:**:02,510 -    - type: chute ...
****-**-** **:**:02,635 -    - type: fast glide ...
****-**-** **:**:02,683 -    - type: pool ...
****-**-** **:**:02,744 -    - type: riffle ...
****-**-** **:**:02,808 -    - type: riffle transition ...
****-**-** **:**:02,855 -    - type: run ...
****-**-** **:**:02,917 -    - type: slackwater ...
****-**-** **:**:02,980 -    - type: slow glide ...
****-**-** **:**:03,042 -    * OK
****-**-** **:**:03,042 -  > Combining morphological unit rasters ...
****-**-** **:**:03,042 -  > Saving Raster ...
****-**-** **:**:03,822 -    * OK
****-**-** **:**:03,838 - Raster Processing OK     --- 

****-**-** **:**:03,838 - Shapefile Processing --- --- 
****-**-** **:**:03,838 -  > Converting mu raster to shapefile ...
****-**-** **:**:04,838 -  > Calculating Polygon areas ...
****-**-** **:**:07,641 -    * OK - Removing remainders ...
****-**-** **:**:07,674 -  > Adding MU field ...
****-**-** **:**:07,891 - Shapefile Processing OK  --- 
****-**-** **:**:07,891 -  > Evaluating MU areas ...
****-**-** **:**:07,924 -    - Area of chute = 3179241.0 sqft (written to workbook).
****-**-** **:**:07,970 -    - Area of fast glide = 185238.0 sqft (written to workbook).
****-**-** **:**:08,017 -    - Area of pool = 897966.0 sqft (written to workbook).
****-**-** **:**:08,049 -    - Area of riffle = 295029.0 sqft (written to workbook).
****-**-** **:**:08,079 -    - Area of riffle transition = 0.0 sqft (written to workbook).
****-**-** **:**:08,127 -    - Area of run = 564732.0 sqft (written to workbook).
****-**-** **:**:08,157 -    - Area of slackwater = 339066.0 sqft (written to workbook).
****-**-** **:**:08,188 -    - Area of slow glide = 119961.0 sqft (written to workbook).
****-**-** **:**:08,188 -    * OK
****-**-** **:**:08,188 - 
 
DISCHARGE: 84400
****-**-** **:**:08,188 - Raster Processing    --- --- 
****-**-** **:**:08,204 -  > Reading depth and velocity rasters ...
****-**-** **:**:08,220 -  > Calculating morphological unit rasters ...
****-**-** **:**:08,220 -    - type: chute ...
****-**-** **:**:08,282 -    - type: fast glide ...
****-**-** **:**:08,345 -    - type: pool ...
****-**-** **:**:08,523 -    - type: riffle ...
****-**-** **:**:08,586 -    - type: riffle transition ...
****-**-** **:**:08,634 -    - type: run ...
****-**-** **:**:08,696 -    - type: slackwater ...
****-**-** **:**:08,759 -    - type: slow glide ...
****-**-** **:**:08,821 -    * OK
****-**-** **:**:08,821 -  > Combining morphological unit rasters ...
****-**-** **:**:08,821 -  > Saving Raster ...
****-**-** **:**:09,539 -    * OK
****-**-** **:**:09,539 - Raster Processing OK     --- 

****-**-** **:**:09,539 - Shapefile Processing --- --- 
****-**-** **:**:09,539 -  > Converting mu raster to shapefile ...
****-**-** **:**:10,243 -  > Calculating Polygon areas ...
****-**-** **:**:13,375 -    * OK - Removing remainders ...
****-**-** **:**:13,407 -  > Adding MU field ...
****-**-** **:**:13,625 - Shapefile Processing OK  --- 
****-**-** **:**:13,641 -  > Evaluating MU areas ...
****-**-** **:**:13,671 -    - Area of chute = 4724892.0 sqft (written to workbook).
****-**-** **:**:13,719 -    - Area of fast glide = 101979.0 sqft (written to workbook).
****-**-** **:**:13,766 -    - Area of pool = 1531098.0 sqft (written to workbook).
****-**-** **:**:13,796 -    - Area of riffle = 169839.0 sqft (written to workbook).
****-**-** **:**:13,844 -    - Area of riffle transition = 0.0 sqft (written to workbook).
****-**-** **:**:13,891 -    - Area of run = 560025.0 sqft (written to workbook).
****-**-** **:**:13,921 -    - Area of slackwater = 493803.0 sqft (written to workbook).
****-**-** **:**:13,969 -    - Area of slow glide = 211230.0 sqft (written to workbook).
****-**-** **:**:13,969 -    * OK
****-**-** **:**:13,969 - 
 
DISCHARGE: 880
****-**-** **:**:13,969 - Raster Processing    --- --- 
****-**-** **:**:13,969 -  > Reading depth and velocity rasters ...
****-**-** **:**:14,000 -  > Calculating morphological unit rasters ...
****-**-** **:**:14,000 -    - type: chute ...
****-**-** **:**:14,046 -    - type: fast glide ...
****-**-** **:**:14,109 -    - type: pool ...
****-**-** **:**:14,171 -    - type: riffle ...
****-**-** **:**:14,219 -    - type: riffle transition ...
****-**-** **:**:14,282 -    - type: run ...
****-**-** **:**:14,344 -    - type: slackwater ...
****-**-** **:**:14,391 -    - type: slow glide ...
****-**-** **:**:14,453 -    * OK
****-**-** **:**:14,453 -  > Combining morphological unit rasters ...
****-**-** **:**:14,453 -  > Saving Raster ...
****-**-** **:**:15,171 -    * OK
****-**-** **:**:15,171 - Raster Processing OK     --- 

****-**-** **:**:15,171 - Shapefile Processing --- --- 
****-**-** **:**:15,171 -  > Converting mu raster to shapefile ...
****-**-** **:**:15,937 -  > Calculating Polygon areas ...
****-**-** **:**:18,562 -    * OK - Removing remainders ...
****-**-** **:**:18,576 -  > Adding MU field ...
****-**-** **:**:18,780 - Shapefile Processing OK  --- 
****-**-** **:**:18,780 -  > Evaluating MU areas ...
****-**-** **:**:18,826 -    - Area of chute = 114201.0 sqft (written to workbook).
****-**-** **:**:18,858 -    - Area of fast glide = 178983.0 sqft (written to workbook).
****-**-** **:**:18,890 -    - Area of pool = 87345.0 sqft (written to workbook).
****-**-** **:**:18,937 -    - Area of riffle = 273447.0 sqft (written to workbook).
****-**-** **:**:18,967 -    - Area of riffle transition = 0.0 sqft (written to workbook).
****-**-** **:**:18,999 -    - Area of run = 112545.0 sqft (written to workbook).
****-**-** **:**:19,030 -    - Area of slackwater = 116973.0 sqft (written to workbook).
****-**-** **:**:19,078 -    - Area of slow glide = 121473.0 sqft (written to workbook).
****-**-** **:**:19,078 -    * OK
****-**-** **:**:19,078 - 
 
DISCHARGE: 5000
****-**-** **:**:19,078 - Raster Processing    --- --- 
****-**-** **:**:19,078 -  > Reading depth and velocity rasters ...
****-**-** **:**:19,092 -  > Calculating morphological unit rasters ...
****-**-** **:**:19,092 -    - type: chute ...
****-**-** **:**:19,154 -    - type: fast glide ...
****-**-** **:**:19,201 -    - type: pool ...
****-**-** **:**:19,265 -    - type: riffle ...
****-**-** **:**:19,326 -    - type: riffle transition ...
****-**-** **:**:19,374 -    - type: run ...
****-**-** **:**:19,437 -    - type: slackwater ...
****-**-** **:**:19,499 -    - type: slow glide ...
****-**-** **:**:19,546 -    * OK
****-**-** **:**:19,546 -  > Combining morphological unit rasters ...
****-**-** **:**:19,546 -  > Saving Raster ...
****-**-** **:**:20,265 -    * OK
****-**-** **:**:20,265 - Raster Processing OK     --- 

****-**-** **:**:20,265 - Shapefile Processing --- --- 
****-**-** **:**:20,265 -  > Converting mu raster to shapefile ...
****-**-** **:**:21,059 -  > Calculating Polygon areas ...
****-**-** **:**:23,736 -    * OK - Removing remainders ...
****-**-** **:**:23,766 -  > Adding MU field ...
****-**-** **:**:23,986 - Shapefile Processing OK  --- 
****-**-** **:**:23,986 -  > Evaluating MU areas ...
****-**-** **:**:24,063 -    - Area of chute = 1114569.0 sqft (written to workbook).
****-**-** **:**:24,095 -    - Area of fast glide = 47124.0 sqft (written to workbook).
****-**-** **:**:24,141 -    - Area of pool = 20034.0 sqft (written to workbook).
****-**-** **:**:24,174 -    - Area of riffle = 209061.0 sqft (written to workbook).
****-**-** **:**:24,220 -    - Area of riffle transition = 0.0 sqft (written to workbook).
****-**-** **:**:24,266 -    - Area of run = 230247.0 sqft (written to workbook).
****-**-** **:**:24,299 -    - Area of slackwater = 138357.0 sqft (written to workbook).
****-**-** **:**:24,345 -    - Area of slow glide = 107487.0 sqft (written to workbook).
****-**-** **:**:24,345 -    * OK
****-**-** **:**:24,345 - 
 
DISCHARGE: 1000
****-**-** **:**:24,345 - Raster Processing    --- --- 
****-**-** **:**:24,345 -  > Reading depth and velocity rasters ...
****-**-** **:**:24,377 -  > Calculating morphological unit rasters ...
****-**-** **:**:24,377 -    - type: chute ...
****-**-** **:**:24,424 -    - type: fast glide ...
****-**-** **:**:24,486 -    - type: pool ...
****-**-** **:**:24,548 -    - type: riffle ...
****-**-** **:**:24,595 -    - type: riffle transition ...
****-**-** **:**:24,657 -    - type: run ...
****-**-** **:**:24,704 -    - type: slackwater ...
****-**-** **:**:24,766 -    - type: slow glide ...
****-**-** **:**:24,829 -    * OK
****-**-** **:**:24,829 -  > Combining morphological unit rasters ...
****-**-** **:**:24,829 -  > Saving Raster ...
****-**-** **:**:25,782 -    * OK
****-**-** **:**:25,782 - Raster Processing OK     --- 

****-**-** **:**:25,782 - Shapefile Processing --- --- 
****-**-** **:**:25,782 -  > Converting mu raster to shapefile ...
****-**-** **:**:26,548 -  > Calculating Polygon areas ...
****-**-** **:**:29,171 -    * OK - Removing remainders ...
****-**-** **:**:29,187 -  > Adding MU field ...
****-**-** **:**:29,421 - Shapefile Processing OK  --- 
****-**-** **:**:29,421 -  > Evaluating MU areas ...
****-**-** **:**:29,453 -    - Area of chute = 150588.0 sqft (written to workbook).
****-**-** **:**:29,484 -    - Area of fast glide = 196974.0 sqft (written to workbook).
****-**-** **:**:29,532 -    - Area of pool = 87993.0 sqft (written to workbook).
****-**-** **:**:29,562 -    - Area of riffle = 271431.0 sqft (written to workbook).
****-**-** **:**:29,625 -    - Area of riffle transition = 0.0 sqft (written to workbook).
****-**-** **:**:29,687 -    - Area of run = 134838.0 sqft (written to workbook).
****-**-** **:**:29,719 -    - Area of slackwater = 124092.0 sqft (written to workbook).
****-**-** **:**:29,750 -    - Area of slow glide = 111519.0 sqft (written to workbook).
****-**-** **:**:29,750 -    * OK
****-**-** **:**:29,750 - 
 
DISCHARGE: 21100
****-**-** **:**:29,750 - Raster Processing    --- --- 
****-**-** **:**:29,766 -  > Reading depth and velocity rasters ...
****-**-** **:**:29,782 -  > Calculating morphological unit rasters ...
****-**-** **:**:29,782 -    - type: chute ...
****-**-** **:**:29,844 -    - type: fast glide ...
****-**-** **:**:29,891 -    - type: pool ...
****-**-** **:**:29,953 -    - type: riffle ...
****-**-** **:**:30,000 -    - type: riffle transition ...
****-**-** **:**:30,062 -    - type: run ...
****-**-** **:**:30,109 -    - type: slackwater ...
****-**-** **:**:30,171 -    - type: slow glide ...
****-**-** **:**:30,219 -    * OK
****-**-** **:**:30,219 -  > Combining morphological unit rasters ...
****-**-** **:**:30,234 -  > Saving Raster ...
****-**-** **:**:31,016 -    * OK
****-**-** **:**:31,030 - Raster Processing OK     --- 

****-**-** **:**:31,030 - Shapefile Processing --- --- 
****-**-** **:**:31,030 -  > Converting mu raster to shapefile ...
****-**-** **:**:31,703 -  > Calculating Polygon areas ...
****-**-** **:**:34,125 -    * OK - Removing remainders ...
****-**-** **:**:34,155 -  > Adding MU field ...
****-**-** **:**:34,390 - Shapefile Processing OK  --- 
****-**-** **:**:34,390 -  > Evaluating MU areas ...
****-**-** **:**:34,546 -    - Area of chute = 2202912.0 sqft (written to workbook).
****-**-** **:**:34,578 -    - Area of fast glide = 160344.0 sqft (written to workbook).
****-**-** **:**:34,624 -    - Area of pool = 337680.0 sqft (written to workbook).
****-**-** **:**:34,655 -    - Area of riffle = 231525.0 sqft (written to workbook).
****-**-** **:**:34,687 -    - Area of riffle transition = 0.0 sqft (written to workbook).
****-**-** **:**:34,717 -    - Area of run = 321453.0 sqft (written to workbook).
****-**-** **:**:34,765 -    - Area of slackwater = 448911.0 sqft (written to workbook).
****-**-** **:**:34,812 -    - Area of slow glide = 189405.0 sqft (written to workbook).
****-**-** **:**:34,812 -    * OK
