2018-11-14 21:28:01,901 -    * Reading data column (starting from E5) ...
2018-11-14 21:28:01,904 -    * OK
2018-11-14 21:28:01,904 -    * Reading data column (starting from B5) ...
2018-11-14 21:28:01,908 -    * OK
2018-11-14 21:28:01,930 -  > Reading data from mu.xlsx ...
2018-11-14 21:28:01,930 -    - depth (m), lower
2018-11-14 21:28:01,930 -    - None, upper
2018-11-14 21:28:01,930 -    - velocity (m/s), lower
2018-11-14 21:28:01,930 -    - None, upper
2018-11-14 21:28:01,930 -    * OK
2018-11-14 21:28:01,931 - 
 
DISCHARGE: 21100
2018-11-14 21:28:01,931 - Raster Processing    --- --- 
2018-11-14 21:28:05,128 -  > Reading depth and velocity rasters ...
2018-11-14 21:28:05,176 -  > Calculating morphological unit rasters ...
2018-11-14 21:28:05,176 -    - type: chute ...
2018-11-14 21:28:05,381 -    - type: fast glide ...
2018-11-14 21:28:05,509 -    - type: pool ...
2018-11-14 21:28:05,634 -    - type: riffle ...
2018-11-14 21:28:05,759 -    - type: riffle transition ...
2018-11-14 21:28:05,884 -    - type: run ...
2018-11-14 21:28:06,007 -    - type: slackwater ...
2018-11-14 21:28:06,132 -    - type: slow glide ...
2018-11-14 21:28:06,257 -    * OK
2018-11-14 21:28:06,257 -  > Combining morphological unit rasters ...
2018-11-14 21:28:06,257 -  > Saving Raster ...
2018-11-14 21:28:07,430 -    * OK
2018-11-14 21:28:07,430 - Raster Processing OK     --- 

2018-11-14 21:28:07,430 - Shapefile Processing --- --- 
2018-11-14 21:28:07,430 -  > Converting mu raster to shapefile ...
2018-11-14 21:28:10,219 -  > Calculating Polygon areas ...
2018-11-14 21:28:12,301 -    * OK - Removing remainders ...
2018-11-14 21:28:12,342 -  > Adding MU field ...
2018-11-14 21:28:12,592 - Shapefile Processing OK  --- 
2018-11-14 21:28:12,625 -  > Evaluating MU areas ...
2018-11-14 21:28:12,641 -    - Area of chute = 3168855.0 sqft (written to workbook).
2018-11-14 21:28:12,673 -    - Area of fast glide = 20169.0 sqft (written to workbook).
2018-11-14 21:28:12,688 -    - Area of pool = 421452.0 sqft (written to workbook).
2018-11-14 21:28:12,703 -    - Area of riffle = 119295.0 sqft (written to workbook).
2018-11-14 21:28:12,734 -    - Area of riffle transition = 0.0 sqft (written to workbook).
2018-11-14 21:28:12,750 -    - Area of run = 94095.0 sqft (written to workbook).
2018-11-14 21:28:12,782 -    - Area of slackwater = 164286.0 sqft (written to workbook).
2018-11-14 21:28:12,798 -    - Area of slow glide = 54603.0 sqft (written to workbook).
2018-11-14 21:28:12,798 -    * OK
2018-11-14 21:28:12,798 - 
 
DISCHARGE: 1000
2018-11-14 21:28:12,798 - Raster Processing    --- --- 
2018-11-14 21:28:12,798 -  > Reading depth and velocity rasters ...
2018-11-14 21:28:12,838 -  > Calculating morphological unit rasters ...
2018-11-14 21:28:12,839 -    - type: chute ...
2018-11-14 21:28:12,956 -    - type: fast glide ...
2018-11-14 21:28:13,095 -    - type: pool ...
2018-11-14 21:28:13,242 -    - type: riffle ...
2018-11-14 21:28:13,411 -    - type: riffle transition ...
2018-11-14 21:28:13,540 -    - type: run ...
2018-11-14 21:28:13,678 -    - type: slackwater ...
2018-11-14 21:28:13,819 -    - type: slow glide ...
2018-11-14 21:28:13,976 -    * OK
2018-11-14 21:28:13,976 -  > Combining morphological unit rasters ...
2018-11-14 21:28:13,992 -  > Saving Raster ...
2018-11-14 21:28:15,086 -    * OK
2018-11-14 21:28:15,086 - Raster Processing OK     --- 

2018-11-14 21:28:15,086 - Shapefile Processing --- --- 
2018-11-14 21:28:15,086 -  > Converting mu raster to shapefile ...
2018-11-14 21:28:15,586 -  > Calculating Polygon areas ...
2018-11-14 21:28:17,618 -    * OK - Removing remainders ...
2018-11-14 21:28:17,664 -  > Adding MU field ...
2018-11-14 21:28:17,977 - Shapefile Processing OK  --- 
2018-11-14 21:28:18,023 -  > Evaluating MU areas ...
2018-11-14 21:28:18,039 -    - Area of chute = 1029969.0 sqft (written to workbook).
2018-11-14 21:28:18,073 -    - Area of fast glide = 9999.0 sqft (written to workbook).
2018-11-14 21:28:18,088 -    - Area of pool = 30132.0 sqft (written to workbook).
2018-11-14 21:28:18,105 -    - Area of riffle = 93186.0 sqft (written to workbook).
2018-11-14 21:28:18,135 -    - Area of riffle transition = 0.0 sqft (written to workbook).
2018-11-14 21:28:18,151 -    - Area of run = 57348.0 sqft (written to workbook).
2018-11-14 21:28:18,183 -    - Area of slackwater = 46305.0 sqft (written to workbook).
2018-11-14 21:28:18,213 -    - Area of slow glide = 29403.0 sqft (written to workbook).
2018-11-14 21:28:18,213 -    * OK
2018-11-14 21:28:18,213 - 
 
DISCHARGE: 5000
2018-11-14 21:28:18,213 - Raster Processing    --- --- 
2018-11-14 21:28:18,213 -  > Reading depth and velocity rasters ...
2018-11-14 21:28:18,246 -  > Calculating morphological unit rasters ...
2018-11-14 21:28:18,246 -    - type: chute ...
2018-11-14 21:28:18,381 -    - type: fast glide ...
2018-11-14 21:28:18,555 -    - type: pool ...
2018-11-14 21:28:18,698 -    - type: riffle ...
2018-11-14 21:28:18,823 -    - type: riffle transition ...
2018-11-14 21:28:18,948 -    - type: run ...
2018-11-14 21:28:19,091 -    - type: slackwater ...
2018-11-14 21:28:19,216 -    - type: slow glide ...
2018-11-14 21:28:19,341 -    * OK
2018-11-14 21:28:19,341 -  > Combining morphological unit rasters ...
2018-11-14 21:28:19,341 -  > Saving Raster ...
2018-11-14 21:28:20,572 -    * OK
2018-11-14 21:28:20,572 - Raster Processing OK     --- 

2018-11-14 21:28:20,572 - Shapefile Processing --- --- 
2018-11-14 21:28:20,572 -  > Converting mu raster to shapefile ...
2018-11-14 21:28:21,043 -  > Calculating Polygon areas ...
2018-11-14 21:28:22,980 -    * OK - Removing remainders ...
2018-11-14 21:28:23,010 -  > Adding MU field ...
2018-11-14 21:28:23,309 - Shapefile Processing OK  --- 
2018-11-14 21:28:23,361 -  > Evaluating MU areas ...
2018-11-14 21:28:23,378 -    - Area of chute = 1741725.0 sqft (written to workbook).
2018-11-14 21:28:23,411 -    - Area of fast glide = 11511.0 sqft (written to workbook).
2018-11-14 21:28:23,430 -    - Area of pool = 29475.0 sqft (written to workbook).
2018-11-14 21:28:23,446 -    - Area of riffle = 92736.0 sqft (written to workbook).
2018-11-14 21:28:23,476 -    - Area of riffle transition = 0.0 sqft (written to workbook).
2018-11-14 21:28:23,493 -    - Area of run = 36693.0 sqft (written to workbook).
2018-11-14 21:28:23,509 -    - Area of slackwater = 55152.0 sqft (written to workbook).
2018-11-14 21:28:23,542 -    - Area of slow glide = 29430.0 sqft (written to workbook).
2018-11-14 21:28:23,542 -    * OK
2018-11-14 21:28:23,543 - 
 
DISCHARGE: 880
2018-11-14 21:28:23,543 - Raster Processing    --- --- 
2018-11-14 21:28:23,546 -  > Reading depth and velocity rasters ...
2018-11-14 21:28:23,562 -  > Calculating morphological unit rasters ...
2018-11-14 21:28:23,562 -    - type: chute ...
2018-11-14 21:28:23,701 -    - type: fast glide ...
2018-11-14 21:28:23,829 -    - type: pool ...
2018-11-14 21:28:23,969 -    - type: riffle ...
2018-11-14 21:28:24,125 -    - type: riffle transition ...
2018-11-14 21:28:24,234 -    - type: run ...
2018-11-14 21:28:24,380 -    - type: slackwater ...
2018-11-14 21:28:24,509 -    - type: slow glide ...
2018-11-14 21:28:24,644 -    * OK
2018-11-14 21:28:24,644 -  > Combining morphological unit rasters ...
2018-11-14 21:28:24,644 -  > Saving Raster ...
2018-11-14 21:28:25,914 -    * OK
2018-11-14 21:28:25,914 - Raster Processing OK     --- 

2018-11-14 21:28:25,914 - Shapefile Processing --- --- 
2018-11-14 21:28:25,914 -  > Converting mu raster to shapefile ...
2018-11-14 21:28:26,361 -  > Calculating Polygon areas ...
2018-11-14 21:28:28,446 -    * OK - Removing remainders ...
2018-11-14 21:28:28,476 -  > Adding MU field ...
2018-11-14 21:28:28,773 - Shapefile Processing OK  --- 
2018-11-14 21:28:28,805 -  > Evaluating MU areas ...
2018-11-14 21:28:28,821 -    - Area of chute = 982026.0 sqft (written to workbook).
2018-11-14 21:28:28,851 -    - Area of fast glide = 8937.0 sqft (written to workbook).
2018-11-14 21:28:28,868 -    - Area of pool = 33876.0 sqft (written to workbook).
2018-11-14 21:28:28,884 -    - Area of riffle = 97659.0 sqft (written to workbook).
2018-11-14 21:28:28,914 -    - Area of riffle transition = 0.0 sqft (written to workbook).
2018-11-14 21:28:28,930 -    - Area of run = 68859.0 sqft (written to workbook).
2018-11-14 21:28:28,946 -    - Area of slackwater = 39942.0 sqft (written to workbook).
2018-11-14 21:28:28,976 -    - Area of slow glide = 27864.0 sqft (written to workbook).
2018-11-14 21:28:28,976 -    * OK
2018-11-14 21:28:28,976 - 
 
DISCHARGE: 42200
2018-11-14 21:28:28,976 - Raster Processing    --- --- 
2018-11-14 21:28:28,976 -  > Reading depth and velocity rasters ...
2018-11-14 21:28:29,009 -  > Calculating morphological unit rasters ...
2018-11-14 21:28:29,009 -    - type: chute ...
2018-11-14 21:28:29,134 -    - type: fast glide ...
2018-11-14 21:28:29,259 -    - type: pool ...
2018-11-14 21:28:29,415 -    - type: riffle ...
2018-11-14 21:28:29,573 -    - type: riffle transition ...
2018-11-14 21:28:29,698 -    - type: run ...
2018-11-14 21:28:29,823 -    - type: slackwater ...
2018-11-14 21:28:29,980 -    - type: slow glide ...
2018-11-14 21:28:30,121 -    * OK
2018-11-14 21:28:30,121 -  > Combining morphological unit rasters ...
2018-11-14 21:28:30,135 -  > Saving Raster ...
2018-11-14 21:28:31,368 -    * OK
2018-11-14 21:28:31,369 - Raster Processing OK     --- 

2018-11-14 21:28:31,369 - Shapefile Processing --- --- 
2018-11-14 21:28:31,369 -  > Converting mu raster to shapefile ...
2018-11-14 21:28:31,839 -  > Calculating Polygon areas ...
2018-11-14 21:28:33,815 -    * OK - Removing remainders ...
2018-11-14 21:28:33,855 -  > Adding MU field ...
2018-11-14 21:28:34,105 - Shapefile Processing OK  --- 
2018-11-14 21:28:34,153 -  > Evaluating MU areas ...
2018-11-14 21:28:34,184 -    - Area of chute = 4751955.0 sqft (written to workbook).
2018-11-14 21:28:34,198 -    - Area of fast glide = 11979.0 sqft (written to workbook).
2018-11-14 21:28:34,230 -    - Area of pool = 646389.0 sqft (written to workbook).
2018-11-14 21:28:34,246 -    - Area of riffle = 100530.0 sqft (written to workbook).
2018-11-14 21:28:34,262 -    - Area of riffle transition = 0.0 sqft (written to workbook).
2018-11-14 21:28:34,278 -    - Area of run = 106821.0 sqft (written to workbook).
2018-11-14 21:28:34,309 -    - Area of slackwater = 147429.0 sqft (written to workbook).
2018-11-14 21:28:34,334 -    - Area of slow glide = 28926.0 sqft (written to workbook).
2018-11-14 21:28:34,334 -    * OK
2018-11-14 21:28:34,335 - 
 
DISCHARGE: 84400
2018-11-14 21:28:34,335 - Raster Processing    --- --- 
2018-11-14 21:28:34,341 -  > Reading depth and velocity rasters ...
2018-11-14 21:28:34,371 -  > Calculating morphological unit rasters ...
2018-11-14 21:28:34,371 -    - type: chute ...
2018-11-14 21:28:34,493 -    - type: fast glide ...
2018-11-14 21:28:34,638 -    - type: pool ...
2018-11-14 21:28:34,779 -    - type: riffle ...
2018-11-14 21:28:34,937 -    - type: riffle transition ...
2018-11-14 21:28:35,062 -    - type: run ...
2018-11-14 21:28:35,187 -    - type: slackwater ...
2018-11-14 21:28:35,332 -    - type: slow glide ...
2018-11-14 21:28:35,476 -    * OK
2018-11-14 21:28:35,477 -  > Combining morphological unit rasters ...
2018-11-14 21:28:35,483 -  > Saving Raster ...
2018-11-14 21:28:36,865 -    * OK
2018-11-14 21:28:36,865 - Raster Processing OK     --- 

2018-11-14 21:28:36,865 - Shapefile Processing --- --- 
2018-11-14 21:28:36,865 -  > Converting mu raster to shapefile ...
2018-11-14 21:28:37,493 -  > Calculating Polygon areas ...
2018-11-14 21:28:39,868 -    * OK - Removing remainders ...
2018-11-14 21:28:39,900 -  > Adding MU field ...
2018-11-14 21:28:40,246 - Shapefile Processing OK  --- 
2018-11-14 21:28:40,305 -  > Evaluating MU areas ...
2018-11-14 21:28:40,323 -    - Area of chute = 6090174.0 sqft (written to workbook).
2018-11-14 21:28:40,365 -    - Area of fast glide = 20736.0 sqft (written to workbook).
2018-11-14 21:28:40,395 -    - Area of pool = 1188864.0 sqft (written to workbook).
2018-11-14 21:28:40,411 -    - Area of riffle = 112185.0 sqft (written to workbook).
2018-11-14 21:28:40,447 -    - Area of riffle transition = 0.0 sqft (written to workbook).
2018-11-14 21:28:40,463 -    - Area of run = 310311.0 sqft (written to workbook).
2018-11-14 21:28:40,493 -    - Area of slackwater = 164376.0 sqft (written to workbook).
2018-11-14 21:28:40,525 -    - Area of slow glide = 45216.0 sqft (written to workbook).
2018-11-14 21:28:40,525 -    * OK
